[debug] [2024-02-13T06:59:49.257Z] ----------------------------------------------------------------------
[debug] [2024-02-13T06:59:49.258Z] Command:       C:\Program Files\nodejs\node.exe C:\Users\zhang\AppData\Roaming\npm\node_modules\firebase-tools\lib\bin\firebase.js deploy --only hosting
[debug] [2024-02-13T06:59:49.259Z] CLI Version:   11.24.0
[debug] [2024-02-13T06:59:49.259Z] Platform:      win32
[debug] [2024-02-13T06:59:49.259Z] Node Version:  v18.14.0
[debug] [2024-02-13T06:59:49.259Z] Time:          Mon Feb 12 2024 22:59:49 GMT-0800 (Pacific Standard Time)
[debug] [2024-02-13T06:59:49.259Z] ----------------------------------------------------------------------
[debug] 
[debug] [2024-02-13T06:59:49.262Z] >>> [apiv2][query] GET https://firebase-public.firebaseio.com/cli.json [none]
[debug] [2024-02-13T06:59:49.360Z] > command requires scopes: ["email","openid","https://www.googleapis.com/auth/cloudplatformprojects.readonly","https://www.googleapis.com/auth/firebase","https://www.googleapis.com/auth/cloud-platform"]
[debug] [2024-02-13T06:59:49.360Z] > authorizing via signed-in user (zhangorienspam@gmail.com)
[debug] [2024-02-13T06:59:49.360Z] [iam] checking project ourmsa-8484 for permissions ["firebase.projects.get","firebasehosting.sites.update"]
[debug] [2024-02-13T06:59:49.361Z] > refreshing access token with scopes: []
[debug] [2024-02-13T06:59:49.362Z] >>> [apiv2][query] POST https://www.googleapis.com/oauth2/v3/token [none]
[debug] [2024-02-13T06:59:49.362Z] >>> [apiv2][body] POST https://www.googleapis.com/oauth2/v3/token [omitted]
[debug] [2024-02-13T06:59:49.494Z] <<< [apiv2][status] GET https://firebase-public.firebaseio.com/cli.json 200
[debug] [2024-02-13T06:59:49.494Z] <<< [apiv2][body] GET https://firebase-public.firebaseio.com/cli.json {"cloudBuildErrorAfter":1594252800000,"cloudBuildWarnAfter":1590019200000,"defaultNode10After":1594252800000,"minVersion":"3.0.5","node8DeploysDisabledAfter":1613390400000,"node8RuntimeDisabledAfter":1615809600000,"node8WarnAfter":1600128000000}
[debug] [2024-02-13T06:59:49.596Z] <<< [apiv2][status] POST https://www.googleapis.com/oauth2/v3/token 400
[debug] [2024-02-13T06:59:49.596Z] <<< [apiv2][body] POST https://www.googleapis.com/oauth2/v3/token [omitted]
[debug] [2024-02-13T06:59:49.597Z] >>> [apiv2][query] POST https://cloudresourcemanager.googleapis.com/v1/projects/ourmsa-8484:testIamPermissions [none]
[debug] [2024-02-13T06:59:49.597Z] >>> [apiv2][(partial)header] POST https://cloudresourcemanager.googleapis.com/v1/projects/ourmsa-8484:testIamPermissions x-goog-quota-user=projects/ourmsa-8484
[debug] [2024-02-13T06:59:49.597Z] >>> [apiv2][body] POST https://cloudresourcemanager.googleapis.com/v1/projects/ourmsa-8484:testIamPermissions {"permissions":["firebase.projects.get","firebasehosting.sites.update"]}
[debug] [2024-02-13T06:59:49.829Z] <<< [apiv2][status] POST https://cloudresourcemanager.googleapis.com/v1/projects/ourmsa-8484:testIamPermissions 401
[debug] [2024-02-13T06:59:49.830Z] <<< [apiv2][body] POST https://cloudresourcemanager.googleapis.com/v1/projects/ourmsa-8484:testIamPermissions {"error":{"code":401,"message":"Request had invalid authentication credentials. Expected OAuth 2 access token, login cookie or other valid authentication credential. See https://developers.google.com/identity/sign-in/web/devconsole-project.","status":"UNAUTHENTICATED","details":[{"@type":"type.googleapis.com/google.rpc.ErrorInfo","reason":"ACCESS_TOKEN_TYPE_UNSUPPORTED","metadata":{"service":"cloudresourcemanager.googleapis.com","method":"google.cloudresourcemanager.v1.Projects.TestIamPermissions"}}]}}
[debug] [2024-02-13T06:59:49.830Z] [iam] error while checking permissions, command may fail: FirebaseError: HTTP Error: 401, Request had invalid authentication credentials. Expected OAuth 2 access token, login cookie or other valid authentication credential. See https://developers.google.com/identity/sign-in/web/devconsole-project.
[debug] [2024-02-13T06:59:49.830Z] > refreshing access token with scopes: []
[debug] [2024-02-13T06:59:49.831Z] >>> [apiv2][query] POST https://www.googleapis.com/oauth2/v3/token [none]
[debug] [2024-02-13T06:59:49.831Z] >>> [apiv2][body] POST https://www.googleapis.com/oauth2/v3/token [omitted]
[debug] [2024-02-13T06:59:50.037Z] <<< [apiv2][status] POST https://www.googleapis.com/oauth2/v3/token 400
[debug] [2024-02-13T06:59:50.037Z] <<< [apiv2][body] POST https://www.googleapis.com/oauth2/v3/token [omitted]
[debug] [2024-02-13T06:59:50.038Z] >>> [apiv2][query] GET https://firebase.googleapis.com/v1beta1/projects/ourmsa-8484 [none]
[debug] [2024-02-13T06:59:50.299Z] <<< [apiv2][status] GET https://firebase.googleapis.com/v1beta1/projects/ourmsa-8484 401
[debug] [2024-02-13T06:59:50.299Z] <<< [apiv2][body] GET https://firebase.googleapis.com/v1beta1/projects/ourmsa-8484 {"error":{"code":401,"message":"Request had invalid authentication credentials. Expected OAuth 2 access token, login cookie or other valid authentication credential. See https://developers.google.com/identity/sign-in/web/devconsole-project.","status":"UNAUTHENTICATED"}}
[debug] [2024-02-13T06:59:50.300Z] HTTP Error: 401, Request had invalid authentication credentials. Expected OAuth 2 access token, login cookie or other valid authentication credential. See https://developers.google.com/identity/sign-in/web/devconsole-project.
[debug] [2024-02-13T06:59:50.357Z] FirebaseError: HTTP Error: 401, Request had invalid authentication credentials. Expected OAuth 2 access token, login cookie or other valid authentication credential. See https://developers.google.com/identity/sign-in/web/devconsole-project.
    at responseToError (C:\Users\zhang\AppData\Roaming\npm\node_modules\firebase-tools\lib\responseToError.js:49:12)
    at RetryOperation._fn (C:\Users\zhang\AppData\Roaming\npm\node_modules\firebase-tools\lib\apiv2.js:288:77)
    at process.processTicksAndRejections (node:internal/process/task_queues:95:5)
[error] 
[error] Error: Failed to get Firebase project ourmsa-8484. Please make sure the project exists and your account has permission to access it.
